<?xml version="1.0" encoding="UTF-8"?>
<testsuite xmlns:xsi="http://www.w3.org/2001/XMLSchema-instance" xsi:noNamespaceSchemaLocation="https://maven.apache.org/surefire/maven-surefire-plugin/xsd/surefire-test-report-3.0.xsd" version="3.0" name="com.example.bank.BankAccountTest" time="0.107" tests="20" errors="0" skipped="0" failures="0">
  <properties>
    <property name="java.specification.version" value="23"/>
    <property name="sun.cpu.isalist" value="amd64"/>
    <property name="sun.jnu.encoding" value="Cp1252"/>
    <property name="java.class.path" value="C:\Users\User\eclipse-workspace\practice\bank-account\target\test-classes;C:\Users\User\eclipse-workspace\practice\bank-account\target\classes;C:\Users\User\.m2\repository\org\junit\jupiter\junit-jupiter\5.9.3\junit-jupiter-5.9.3.jar;C:\Users\User\.m2\repository\org\junit\jupiter\junit-jupiter-api\5.9.3\junit-jupiter-api-5.9.3.jar;C:\Users\User\.m2\repository\org\opentest4j\opentest4j\1.2.0\opentest4j-1.2.0.jar;C:\Users\User\.m2\repository\org\junit\platform\junit-platform-commons\1.9.3\junit-platform-commons-1.9.3.jar;C:\Users\User\.m2\repository\org\apiguardian\apiguardian-api\1.1.2\apiguardian-api-1.1.2.jar;C:\Users\User\.m2\repository\org\junit\jupiter\junit-jupiter-params\5.9.3\junit-jupiter-params-5.9.3.jar;C:\Users\User\.m2\repository\org\junit\jupiter\junit-jupiter-engine\5.9.3\junit-jupiter-engine-5.9.3.jar;C:\Users\User\.m2\repository\org\junit\platform\junit-platform-engine\1.9.3\junit-platform-engine-1.9.3.jar;"/>
    <property name="java.vm.vendor" value="Oracle Corporation"/>
    <property name="sun.arch.data.model" value="64"/>
    <property name="user.variant" value=""/>
    <property name="java.vendor.url" value="https://java.oracle.com/"/>
    <property name="user.timezone" value="Asia/Calcutta"/>
    <property name="os.name" value="Windows 11"/>
    <property name="java.vm.specification.version" value="23"/>
    <property name="sun.java.launcher" value="SUN_STANDARD"/>
    <property name="user.country" value="IN"/>
    <property name="sun.boot.library.path" value="C:\Program Files\Java\jdk-23\bin"/>
    <property name="sun.java.command" value="C:\Users\User\AppData\Local\Temp\surefire17672347747140068566\surefirebooter-20250812203834678_3.jar C:\Users\User\AppData\Local\Temp\surefire17672347747140068566 2025-08-12T20-38-29_367-jvmRun1 surefire-20250812203834678_1tmp surefire_0-20250812203834678_2tmp"/>
    <property name="jdk.debug" value="release"/>
    <property name="surefire.test.class.path" value="C:\Users\User\eclipse-workspace\practice\bank-account\target\test-classes;C:\Users\User\eclipse-workspace\practice\bank-account\target\classes;C:\Users\User\.m2\repository\org\junit\jupiter\junit-jupiter\5.9.3\junit-jupiter-5.9.3.jar;C:\Users\User\.m2\repository\org\junit\jupiter\junit-jupiter-api\5.9.3\junit-jupiter-api-5.9.3.jar;C:\Users\User\.m2\repository\org\opentest4j\opentest4j\1.2.0\opentest4j-1.2.0.jar;C:\Users\User\.m2\repository\org\junit\platform\junit-platform-commons\1.9.3\junit-platform-commons-1.9.3.jar;C:\Users\User\.m2\repository\org\apiguardian\apiguardian-api\1.1.2\apiguardian-api-1.1.2.jar;C:\Users\User\.m2\repository\org\junit\jupiter\junit-jupiter-params\5.9.3\junit-jupiter-params-5.9.3.jar;C:\Users\User\.m2\repository\org\junit\jupiter\junit-jupiter-engine\5.9.3\junit-jupiter-engine-5.9.3.jar;C:\Users\User\.m2\repository\org\junit\platform\junit-platform-engine\1.9.3\junit-platform-engine-1.9.3.jar;"/>
    <property name="sun.cpu.endian" value="little"/>
    <property name="user.home" value="C:\Users\User"/>
    <property name="user.language" value="en"/>
    <property name="java.specification.vendor" value="Oracle Corporation"/>
    <property name="java.version.date" value="2024-10-15"/>
    <property name="java.home" value="C:\Program Files\Java\jdk-23"/>
    <property name="file.separator" value="\"/>
    <property name="basedir" value="C:\Users\User\eclipse-workspace\practice\bank-account"/>
    <property name="style.color" value="always"/>
    <property name="java.vm.compressedOopsMode" value="Zero based"/>
    <property name="line.separator" value="&#10;"/>
    <property name="java.vm.specification.vendor" value="Oracle Corporation"/>
    <property name="java.specification.name" value="Java Platform API Specification"/>
    <property name="surefire.real.class.path" value="C:\Users\User\AppData\Local\Temp\surefire17672347747140068566\surefirebooter-20250812203834678_3.jar"/>
    <property name="user.script" value=""/>
    <property name="sun.management.compiler" value="HotSpot 64-Bit Tiered Compilers"/>
    <property name="java.runtime.version" value="23.0.1+11-39"/>
    <property name="user.name" value="User"/>
    <property name="stdout.encoding" value="Cp1252"/>
    <property name="path.separator" value=";"/>
    <property name="os.version" value="10.0"/>
    <property name="java.runtime.name" value="Java(TM) SE Runtime Environment"/>
    <property name="file.encoding" value="UTF-8"/>
    <property name="java.vm.name" value="Java HotSpot(TM) 64-Bit Server VM"/>
    <property name="localRepository" value="C:\Users\User\.m2\repository"/>
    <property name="java.vendor.url.bug" value="https://bugreport.java.com/bugreport/"/>
    <property name="java.io.tmpdir" value="C:\Users\User\AppData\Local\Temp\"/>
    <property name="java.version" value="23.0.1"/>
    <property name="user.dir" value="C:\Users\User\eclipse-workspace\practice\bank-account"/>
    <property name="os.arch" value="amd64"/>
    <property name="java.vm.specification.name" value="Java Virtual Machine Specification"/>
    <property name="sun.os.patch.level" value=""/>
    <property name="native.encoding" value="Cp1252"/>
    <property name="java.library.path" value="C:\Program Files\Java\jdk-23\bin;C:\WINDOWS\Sun\Java\bin;C:\WINDOWS\system32;C:\WINDOWS;C:/Program Files/Java/jdk-23/bin/server;C:/Program Files/Java/jdk-23/bin;C:\Program Files\Common Files\Oracle\Java\javapath;C:\Program Files (x86)\Common Files\Oracle\Java\javapath;C:\Python312\Scripts\;C:\Python312\;C:\WINDOWS\system32;C:\WINDOWS;C:\WINDOWS\System32\Wbem;C:\WINDOWS\System32\WindowsPowerShell\v1.0\;C:\WINDOWS\System32\OpenSSH\;C:\Program Files\MongoDB\Server\7.0\bin;C:\Program Files\nodejs\;C:\ProgramData\chocolatey\bin;C:\Program Files\Java\jdk-23\bin;C:\Program Files\mosquitto;C:\Program Files\Tesseract-OCR;C:\Users\User\AppData\Local\Microsoft\WindowsApps;C:\Users\User\AppData\Local\Programs\Microsoft VS Code\bin;C:\Users\User\AppData\Local\Programs\mongosh\;C:\Users\User\AppData\Roaming\npm;C:\Users\User\AppData\Roaming\Python\Python312\Scripts\;C:\Program Files\JetBrains\PyCharm 2025.1.1.1\bin;;C:\Users\User\AppData\Local\GitHubDesktop\bin;C:\Users\User\Desktop;;."/>
    <property name="java.vm.info" value="mixed mode, sharing"/>
    <property name="stderr.encoding" value="Cp1252"/>
    <property name="java.vendor" value="Oracle Corporation"/>
    <property name="java.vm.version" value="23.0.1+11-39"/>
    <property name="sun.io.unicode.encoding" value="UnicodeLittle"/>
    <property name="java.class.version" value="67.0"/>
  </properties>
  <testcase name="applyMonthlyInterest_recordsTransaction" classname="com.example.bank.BankAccountTest" time="0.045"/>
  <testcase name="withdraw_usingOverdraftAllowedWithinLimit" classname="com.example.bank.BankAccountTest" time="0.001"/>
  <testcase name="withdraw_invalidAmountThrows" classname="com.example.bank.BankAccountTest" time="0.005"/>
  <testcase name="withdraw_exactBalanceAllowed" classname="com.example.bank.BankAccountTest" time="0.002"/>
  <testcase name="deposit_increasesBalance" classname="com.example.bank.BankAccountTest" time="0.002"/>
  <testcase name="deposit_recordsTransaction" classname="com.example.bank.BankAccountTest" time="0.001"/>
  <testcase name="applyMonthlyInterest_multipleMonths_appliesEachMonth" classname="com.example.bank.BankAccountTest" time="0.001"/>
  <testcase name="transfer_invalidAmountThrows" classname="com.example.bank.BankAccountTest" time="0.001"/>
  <testcase name="applyMonthlyInterest_negativeMonths_throws" classname="com.example.bank.BankAccountTest" time="0.002"/>
  <testcase name="withdraw_exceedsOverdraftThrows" classname="com.example.bank.BankAccountTest" time="0.001"/>
  <testcase name="withdraw_decreasesBalance" classname="com.example.bank.BankAccountTest" time="0.001"/>
  <testcase name="applyMonthlyInterest_zeroRate_noChangeExceptTransaction" classname="com.example.bank.BankAccountTest" time="0.001"/>
  <testcase name="applyMonthlyInterest_positiveRate_increasesBalance" classname="com.example.bank.BankAccountTest" time="0"/>
  <testcase name="deposit_rejectsZero" classname="com.example.bank.BankAccountTest" time="0.001"/>
  <testcase name="deposit_rejectsNegative" classname="com.example.bank.BankAccountTest" time="0.001"/>
  <testcase name="transfer_recordsTransactionsOnBoth" classname="com.example.bank.BankAccountTest" time="0"/>
  <testcase name="deposit_largeAmountWorks" classname="com.example.bank.BankAccountTest" time="0.001"/>
  <testcase name="transfer_successful_movesFunds" classname="com.example.bank.BankAccountTest" time="0"/>
  <testcase name="transfer_toSelf_throws" classname="com.example.bank.BankAccountTest" time="0.001"/>
  <testcase name="transfer_insufficientFundsThrows" classname="com.example.bank.BankAccountTest" time="0.002"/>
</testsuite>